[2019-07-17 07:28:17,481] DEBUG preRegister called. Server=com.sun.jmx.mbeanserver.JmxMBeanServer@66d3c617, name=log4j:logger=kafka.controller (kafka.controller)
[2019-07-17 07:30:41,316] INFO [ControllerEventThread controllerId=1] Starting (kafka.controller.ControllerEventManager$ControllerEventThread)
[2019-07-17 07:30:41,356] INFO [Controller id=1] 1 successfully elected as the controller. Epoch incremented to 3 and epoch zk version is now 3 (kafka.controller.KafkaController)
[2019-07-17 07:30:41,357] INFO [Controller id=1] Registering handlers (kafka.controller.KafkaController)
[2019-07-17 07:30:41,363] INFO [Controller id=1] Deleting log dir event notifications (kafka.controller.KafkaController)
[2019-07-17 07:30:41,369] INFO [Controller id=1] Deleting isr change notifications (kafka.controller.KafkaController)
[2019-07-17 07:30:41,376] INFO [Controller id=1] Initializing controller context (kafka.controller.KafkaController)
[2019-07-17 07:30:41,392] INFO [Controller id=1] Initialized broker epochs cache: Map(1 -> 12884901904) (kafka.controller.KafkaController)
[2019-07-17 07:30:41,481] DEBUG [Controller id=1] Register BrokerModifications handler for Set(1) (kafka.controller.KafkaController)
[2019-07-17 07:30:41,631] DEBUG [Channel manager on controller 1]: Controller 1 trying to connect to broker 1 (kafka.controller.ControllerChannelManager)
[2019-07-17 07:30:41,662] INFO [Controller id=1] Partitions being reassigned: Map() (kafka.controller.KafkaController)
[2019-07-17 07:30:41,662] INFO [RequestSendThread controllerId=1] Starting (kafka.controller.RequestSendThread)
[2019-07-17 07:30:41,663] INFO [Controller id=1] Currently active brokers in the cluster: Set(1) (kafka.controller.KafkaController)
[2019-07-17 07:30:41,664] INFO [Controller id=1] Currently shutting brokers in the cluster: Set() (kafka.controller.KafkaController)
[2019-07-17 07:30:41,664] INFO [Controller id=1] Current list of topics in the cluster: Set(rtrchannel01, rtr-sys-channel, __consumer_offsets) (kafka.controller.KafkaController)
[2019-07-17 07:30:41,666] INFO [Controller id=1] Fetching topic deletions in progress (kafka.controller.KafkaController)
[2019-07-17 07:30:41,676] INFO [Controller id=1] List of topics to be deleted:  (kafka.controller.KafkaController)
[2019-07-17 07:30:41,676] INFO [Controller id=1] List of topics ineligible for deletion: rtrchannel01,rtr-sys-channel,__consumer_offsets (kafka.controller.KafkaController)
[2019-07-17 07:30:41,677] INFO [Controller id=1] Initializing topic deletion manager (kafka.controller.KafkaController)
[2019-07-17 07:30:41,677] INFO [Controller id=1] Sending update metadata request (kafka.controller.KafkaController)
[2019-07-17 07:30:41,719] INFO [ReplicaStateMachine controllerId=1] Initializing replica state (kafka.controller.ReplicaStateMachine)
[2019-07-17 07:30:41,743] INFO [RequestSendThread controllerId=1] Controller 1 connected to 192.168.1.180:9092 (id: 1 rack: null) for sending state change requests (kafka.controller.RequestSendThread)
[2019-07-17 07:30:41,749] INFO [ReplicaStateMachine controllerId=1] Triggering online replica state changes (kafka.controller.ReplicaStateMachine)
[2019-07-17 07:30:41,866] INFO [ReplicaStateMachine controllerId=1] Started replica state machine with initial state -> Map([Topic=__consumer_offsets,Partition=26,Replica=3] -> ReplicaDeletionIneligible, [Topic=__consumer_offsets,Partition=8,Replica=1] -> OnlineReplica, [Topic=__consumer_offsets,Partition=6,Replica=3] -> ReplicaDeletionIneligible, [Topic=__consumer_offsets,Partition=17,Replica=2] -> ReplicaDeletionIneligible, [Topic=__consumer_offsets,Partition=39,Replica=4] -> ReplicaDeletionIneligible, [Topic=__consumer_offsets,Partition=45,Replica=2] -> ReplicaDeletionIneligible, [Topic=__consumer_offsets,Partition=4,Replica=1] -> OnlineReplica, [Topic=rtr-sys-channel,Partition=0,Replica=2] -> ReplicaDeletionIneligible, [Topic=__consumer_offsets,Partition=36,Replica=1] -> OnlineReplica, [Topic=__consumer_offsets,Partition=31,Replica=4] -> ReplicaDeletionIneligible, [Topic=__consumer_offsets,Partition=10,Replica=3] -> ReplicaDeletionIneligible, [Topic=__consumer_offsets,Partition=21,Replica=2] -> ReplicaDeletionIneligible, [Topic=__consumer_offsets,Partition=11,Replica=4] -> ReplicaDeletionIneligible, [Topic=__consumer_offsets,Partition=35,Replica=4] -> ReplicaDeletionIneligible, [Topic=rtr-sys-channel,Partition=0,Replica=4] -> ReplicaDeletionIneligible, [Topic=__consumer_offsets,Partition=0,Replica=1] -> OnlineReplica, [Topic=__consumer_offsets,Partition=32,Replica=1] -> OnlineReplica, [Topic=rtrchannel01,Partition=0,Replica=1] -> OnlineReplica, [Topic=__consumer_offsets,Partition=22,Replica=3] -> ReplicaDeletionIneligible, [Topic=__consumer_offsets,Partition=43,Replica=4] -> ReplicaDeletionIneligible, [Topic=__consumer_offsets,Partition=34,Replica=3] -> ReplicaDeletionIneligible, [Topic=__consumer_offsets,Partition=37,Replica=2] -> ReplicaDeletionIneligible, [Topic=__consumer_offsets,Partition=5,Replica=2] -> ReplicaDeletionIneligible, [Topic=__consumer_offsets,Partition=18,Replica=3] -> ReplicaDeletionIneligible, [Topic=__consumer_offsets,Partition=41,Replica=2] -> ReplicaDeletionIneligible, [Topic=__consumer_offsets,Partition=24,Replica=1] -> OnlineReplica, [Topic=__consumer_offsets,Partition=2,Replica=3] -> ReplicaDeletionIneligible, [Topic=__consumer_offsets,Partition=27,Replica=4] -> ReplicaDeletionIneligible, [Topic=__consumer_offsets,Partition=38,Replica=3] -> ReplicaDeletionIneligible, [Topic=__consumer_offsets,Partition=15,Replica=4] -> ReplicaDeletionIneligible, [Topic=__consumer_offsets,Partition=28,Replica=1] -> OnlineReplica, [Topic=__consumer_offsets,Partition=44,Replica=1] -> OnlineReplica, [Topic=rtrchannel01,Partition=0,Replica=2] -> ReplicaDeletionIneligible, [Topic=__consumer_offsets,Partition=49,Replica=2] -> ReplicaDeletionIneligible, [Topic=__consumer_offsets,Partition=40,Replica=1] -> OnlineReplica, [Topic=__consumer_offsets,Partition=3,Replica=4] -> ReplicaDeletionIneligible, [Topic=__consumer_offsets,Partition=23,Replica=4] -> ReplicaDeletionIneligible, [Topic=__consumer_offsets,Partition=46,Replica=3] -> ReplicaDeletionIneligible, [Topic=__consumer_offsets,Partition=14,Replica=3] -> ReplicaDeletionIneligible, [Topic=rtr-sys-channel,Partition=0,Replica=1] -> OnlineReplica, [Topic=__consumer_offsets,Partition=20,Replica=1] -> OnlineReplica, [Topic=__consumer_offsets,Partition=16,Replica=1] -> OnlineReplica, [Topic=__consumer_offsets,Partition=7,Replica=4] -> ReplicaDeletionIneligible, [Topic=__consumer_offsets,Partition=25,Replica=2] -> ReplicaDeletionIneligible, [Topic=rtrchannel01,Partition=0,Replica=3] -> ReplicaDeletionIneligible, [Topic=__consumer_offsets,Partition=30,Replica=3] -> ReplicaDeletionIneligible, [Topic=__consumer_offsets,Partition=19,Replica=4] -> ReplicaDeletionIneligible, [Topic=__consumer_offsets,Partition=48,Replica=1] -> OnlineReplica, [Topic=__consumer_offsets,Partition=12,Replica=1] -> OnlineReplica, [Topic=__consumer_offsets,Partition=33,Replica=2] -> ReplicaDeletionIneligible, [Topic=__consumer_offsets,Partition=47,Replica=4] -> ReplicaDeletionIneligible, [Topic=__consumer_offsets,Partition=29,Replica=2] -> ReplicaDeletionIneligible, [Topic=__consumer_offsets,Partition=42,Replica=3] -> ReplicaDeletionIneligible, [Topic=__consumer_offsets,Partition=9,Replica=2] -> ReplicaDeletionIneligible, [Topic=__consumer_offsets,Partition=13,Replica=2] -> ReplicaDeletionIneligible, [Topic=__consumer_offsets,Partition=1,Replica=2] -> ReplicaDeletionIneligible) (kafka.controller.ReplicaStateMachine)
[2019-07-17 07:30:41,867] INFO [PartitionStateMachine controllerId=1] Initializing partition state (kafka.controller.PartitionStateMachine)
[2019-07-17 07:30:41,885] INFO [PartitionStateMachine controllerId=1] Triggering online partition state changes (kafka.controller.PartitionStateMachine)
[2019-07-17 07:30:42,131] INFO [PartitionStateMachine controllerId=1] Started partition state machine with initial state -> Map(__consumer_offsets-49 -> OfflinePartition, __consumer_offsets-38 -> OfflinePartition, __consumer_offsets-16 -> OnlinePartition, __consumer_offsets-27 -> OfflinePartition, __consumer_offsets-8 -> OnlinePartition, __consumer_offsets-19 -> OfflinePartition, __consumer_offsets-13 -> OfflinePartition, __consumer_offsets-2 -> OfflinePartition, __consumer_offsets-46 -> OfflinePartition, __consumer_offsets-35 -> OfflinePartition, __consumer_offsets-24 -> OnlinePartition, __consumer_offsets-5 -> OfflinePartition, __consumer_offsets-43 -> OfflinePartition, __consumer_offsets-32 -> OnlinePartition, __consumer_offsets-21 -> OfflinePartition, __consumer_offsets-10 -> OfflinePartition, __consumer_offsets-37 -> OfflinePartition, __consumer_offsets-48 -> OnlinePartition, __consumer_offsets-40 -> OnlinePartition, __consumer_offsets-18 -> OfflinePartition, rtrchannel01-0 -> OnlinePartition, __consumer_offsets-29 -> OfflinePartition, __consumer_offsets-7 -> OfflinePartition, __consumer_offsets-23 -> OfflinePartition, __consumer_offsets-45 -> OfflinePartition, __consumer_offsets-34 -> OfflinePartition, __consumer_offsets-26 -> OfflinePartition, __consumer_offsets-15 -> OfflinePartition, __consumer_offsets-4 -> OnlinePartition, __consumer_offsets-42 -> OfflinePartition, __consumer_offsets-31 -> OfflinePartition, __consumer_offsets-9 -> OfflinePartition, __consumer_offsets-20 -> OnlinePartition, __consumer_offsets-12 -> OnlinePartition, __consumer_offsets-1 -> OfflinePartition, __consumer_offsets-28 -> OnlinePartition, __consumer_offsets-17 -> OfflinePartition, __consumer_offsets-6 -> OfflinePartition, __consumer_offsets-39 -> OfflinePartition, __consumer_offsets-44 -> OnlinePartition, __consumer_offsets-36 -> OnlinePartition, __consumer_offsets-47 -> OfflinePartition, __consumer_offsets-3 -> OfflinePartition, __consumer_offsets-25 -> OfflinePartition, __consumer_offsets-14 -> OfflinePartition, __consumer_offsets-30 -> OfflinePartition, __consumer_offsets-41 -> OfflinePartition, rtr-sys-channel-0 -> OnlinePartition, __consumer_offsets-22 -> OfflinePartition, __consumer_offsets-33 -> OfflinePartition, __consumer_offsets-11 -> OfflinePartition, __consumer_offsets-0 -> OnlinePartition) (kafka.controller.PartitionStateMachine)
[2019-07-17 07:30:42,132] INFO [Controller id=1] Ready to serve as the new controller with epoch 3 (kafka.controller.KafkaController)
[2019-07-17 07:30:42,134] INFO [Controller id=1] Removing partitions Set() from the list of reassigned partitions in zookeeper (kafka.controller.KafkaController)
[2019-07-17 07:30:42,134] INFO [Controller id=1] No more partitions need to be reassigned. Deleting zk path /admin/reassign_partitions (kafka.controller.KafkaController)
[2019-07-17 07:30:42,172] INFO [Controller id=1] Partitions undergoing preferred replica election:  (kafka.controller.KafkaController)
[2019-07-17 07:30:42,173] INFO [Controller id=1] Partitions that completed preferred replica election:  (kafka.controller.KafkaController)
[2019-07-17 07:30:42,174] INFO [Controller id=1] Skipping preferred replica election for partitions due to topic deletion:  (kafka.controller.KafkaController)
[2019-07-17 07:30:42,174] INFO [Controller id=1] Resuming preferred replica election for partitions:  (kafka.controller.KafkaController)
[2019-07-17 07:30:42,185] INFO [Controller id=1] Starting preferred replica leader election for partitions  (kafka.controller.KafkaController)
[2019-07-17 07:30:42,216] INFO [Controller id=1] Starting the controller scheduler (kafka.controller.KafkaController)
[2019-07-17 07:30:47,220] TRACE [Controller id=1] Checking need to trigger auto leader balancing (kafka.controller.KafkaController)
[2019-07-17 07:30:47,231] DEBUG [Controller id=1] Preferred replicas by broker Map(2 -> Map(__consumer_offsets-21 -> Vector(2), __consumer_offsets-9 -> Vector(2), __consumer_offsets-25 -> Vector(2), __consumer_offsets-41 -> Vector(2), __consumer_offsets-33 -> Vector(2), __consumer_offsets-49 -> Vector(2), __consumer_offsets-37 -> Vector(2), rtr-sys-channel-0 -> Vector(2, 4, 1), __consumer_offsets-17 -> Vector(2), __consumer_offsets-13 -> Vector(2), __consumer_offsets-45 -> Vector(2), __consumer_offsets-1 -> Vector(2), __consumer_offsets-5 -> Vector(2), __consumer_offsets-29 -> Vector(2)), 4 -> Map(__consumer_offsets-27 -> Vector(4), __consumer_offsets-7 -> Vector(4), __consumer_offsets-35 -> Vector(4), __consumer_offsets-23 -> Vector(4), __consumer_offsets-47 -> Vector(4), __consumer_offsets-31 -> Vector(4), __consumer_offsets-3 -> Vector(4), __consumer_offsets-15 -> Vector(4), __consumer_offsets-19 -> Vector(4), __consumer_offsets-11 -> Vector(4), __consumer_offsets-43 -> Vector(4), __consumer_offsets-39 -> Vector(4)), 1 -> Map(__consumer_offsets-8 -> Vector(1), __consumer_offsets-4 -> Vector(1), __consumer_offsets-16 -> Vector(1), __consumer_offsets-28 -> Vector(1), __consumer_offsets-36 -> Vector(1), __consumer_offsets-24 -> Vector(1), __consumer_offsets-48 -> Vector(1), __consumer_offsets-20 -> Vector(1), __consumer_offsets-0 -> Vector(1), __consumer_offsets-44 -> Vector(1), __consumer_offsets-12 -> Vector(1), __consumer_offsets-32 -> Vector(1), __consumer_offsets-40 -> Vector(1)), 3 -> Map(__consumer_offsets-22 -> Vector(3), __consumer_offsets-30 -> Vector(3), __consumer_offsets-46 -> Vector(3), __consumer_offsets-42 -> Vector(3), __consumer_offsets-18 -> Vector(3), __consumer_offsets-38 -> Vector(3), __consumer_offsets-2 -> Vector(3), __consumer_offsets-6 -> Vector(3), __consumer_offsets-14 -> Vector(3), rtrchannel01-0 -> Vector(3, 1, 2), __consumer_offsets-26 -> Vector(3), __consumer_offsets-34 -> Vector(3), __consumer_offsets-10 -> Vector(3))) (kafka.controller.KafkaController)
[2019-07-17 07:30:47,234] DEBUG [Controller id=1] Topics not in preferred replica for broker 2 Map(__consumer_offsets-21 -> Vector(2), __consumer_offsets-9 -> Vector(2), __consumer_offsets-25 -> Vector(2), __consumer_offsets-41 -> Vector(2), __consumer_offsets-33 -> Vector(2), __consumer_offsets-49 -> Vector(2), __consumer_offsets-37 -> Vector(2), rtr-sys-channel-0 -> Vector(2, 4, 1), __consumer_offsets-17 -> Vector(2), __consumer_offsets-13 -> Vector(2), __consumer_offsets-45 -> Vector(2), __consumer_offsets-1 -> Vector(2), __consumer_offsets-5 -> Vector(2), __consumer_offsets-29 -> Vector(2)) (kafka.controller.KafkaController)
[2019-07-17 07:30:47,235] TRACE [Controller id=1] Leader imbalance ratio for broker 2 is 1.0 (kafka.controller.KafkaController)
[2019-07-17 07:30:47,236] INFO [Controller id=1] Starting preferred replica leader election for partitions  (kafka.controller.KafkaController)
[2019-07-17 07:30:47,236] DEBUG [Controller id=1] Topics not in preferred replica for broker 4 Map(__consumer_offsets-27 -> Vector(4), __consumer_offsets-7 -> Vector(4), __consumer_offsets-35 -> Vector(4), __consumer_offsets-23 -> Vector(4), __consumer_offsets-47 -> Vector(4), __consumer_offsets-31 -> Vector(4), __consumer_offsets-3 -> Vector(4), __consumer_offsets-15 -> Vector(4), __consumer_offsets-19 -> Vector(4), __consumer_offsets-11 -> Vector(4), __consumer_offsets-43 -> Vector(4), __consumer_offsets-39 -> Vector(4)) (kafka.controller.KafkaController)
[2019-07-17 07:30:47,236] TRACE [Controller id=1] Leader imbalance ratio for broker 4 is 1.0 (kafka.controller.KafkaController)
[2019-07-17 07:30:47,236] INFO [Controller id=1] Starting preferred replica leader election for partitions  (kafka.controller.KafkaController)
[2019-07-17 07:30:47,236] DEBUG [Controller id=1] Topics not in preferred replica for broker 1 Map() (kafka.controller.KafkaController)
[2019-07-17 07:30:47,236] TRACE [Controller id=1] Leader imbalance ratio for broker 1 is 0.0 (kafka.controller.KafkaController)
[2019-07-17 07:30:47,237] DEBUG [Controller id=1] Topics not in preferred replica for broker 3 Map(__consumer_offsets-22 -> Vector(3), __consumer_offsets-30 -> Vector(3), __consumer_offsets-46 -> Vector(3), __consumer_offsets-42 -> Vector(3), __consumer_offsets-18 -> Vector(3), __consumer_offsets-38 -> Vector(3), __consumer_offsets-2 -> Vector(3), __consumer_offsets-6 -> Vector(3), __consumer_offsets-14 -> Vector(3), rtrchannel01-0 -> Vector(3, 1, 2), __consumer_offsets-26 -> Vector(3), __consumer_offsets-34 -> Vector(3), __consumer_offsets-10 -> Vector(3)) (kafka.controller.KafkaController)
[2019-07-17 07:30:47,237] TRACE [Controller id=1] Leader imbalance ratio for broker 3 is 1.0 (kafka.controller.KafkaController)
[2019-07-17 07:30:47,237] INFO [Controller id=1] Starting preferred replica leader election for partitions  (kafka.controller.KafkaController)
[2019-07-17 07:30:58,520] INFO [Controller id=1] Newly added brokers: 2, deleted brokers: , bounced brokers: , all live brokers: 1,2 (kafka.controller.KafkaController)
[2019-07-17 07:30:58,521] DEBUG [Channel manager on controller 1]: Controller 1 trying to connect to broker 2 (kafka.controller.ControllerChannelManager)
[2019-07-17 07:30:58,530] INFO [RequestSendThread controllerId=1] Starting (kafka.controller.RequestSendThread)
[2019-07-17 07:30:58,537] INFO [Controller id=1] New broker startup callback for 2 (kafka.controller.KafkaController)
[2019-07-17 07:30:58,558] INFO [RequestSendThread controllerId=1] Controller 1 connected to 192.168.1.181:9092 (id: 2 rack: null) for sending state change requests (kafka.controller.RequestSendThread)
[2019-07-17 07:30:58,738] DEBUG [Controller id=1] Register BrokerModifications handler for ArrayBuffer(2) (kafka.controller.KafkaController)
[2019-07-17 07:30:58,741] INFO [Controller id=1] Updated broker epochs cache: Map(1 -> 12884901904, 2 -> 12884901922) (kafka.controller.KafkaController)
[2019-07-17 07:31:06,139] DEBUG [Controller id=1] Sending MetadataRequest to Brokers: ArrayBuffer(1, 2) for TopicPartitions: ArrayBuffer(rtrchannel01-0, rtr-sys-channel-0) (kafka.controller.KafkaController)
[2019-07-17 07:31:07,153] INFO [Controller id=1] Newly added brokers: 3, deleted brokers: , bounced brokers: , all live brokers: 1,2,3 (kafka.controller.KafkaController)
[2019-07-17 07:31:07,153] DEBUG [Channel manager on controller 1]: Controller 1 trying to connect to broker 3 (kafka.controller.ControllerChannelManager)
[2019-07-17 07:31:07,165] INFO [Controller id=1] New broker startup callback for 3 (kafka.controller.KafkaController)
[2019-07-17 07:31:07,166] INFO [RequestSendThread controllerId=1] Starting (kafka.controller.RequestSendThread)
[2019-07-17 07:31:07,179] INFO [RequestSendThread controllerId=1] Controller 1 connected to 192.168.1.182:9092 (id: 3 rack: null) for sending state change requests (kafka.controller.RequestSendThread)
[2019-07-17 07:31:07,294] DEBUG [Controller id=1] Register BrokerModifications handler for ArrayBuffer(3) (kafka.controller.KafkaController)
[2019-07-17 07:31:07,296] INFO [Controller id=1] Updated broker epochs cache: Map(1 -> 12884901904, 2 -> 12884901922, 3 -> 12884901955) (kafka.controller.KafkaController)
[2019-07-17 07:31:13,616] DEBUG [Controller id=1] Sending MetadataRequest to Brokers: ArrayBuffer(1, 2, 3) for TopicPartitions: ArrayBuffer(rtrchannel01-0) (kafka.controller.KafkaController)
[2019-07-17 07:31:51,267] INFO [Controller id=1] Newly added brokers: 4, deleted brokers: , bounced brokers: , all live brokers: 1,2,3,4 (kafka.controller.KafkaController)
[2019-07-17 07:31:51,267] DEBUG [Channel manager on controller 1]: Controller 1 trying to connect to broker 4 (kafka.controller.ControllerChannelManager)
[2019-07-17 07:31:51,274] INFO [Controller id=1] New broker startup callback for 4 (kafka.controller.KafkaController)
[2019-07-17 07:31:51,284] INFO [RequestSendThread controllerId=1] Starting (kafka.controller.RequestSendThread)
[2019-07-17 07:31:51,289] INFO [RequestSendThread controllerId=1] Controller 1 connected to 192.168.1.183:9092 (id: 4 rack: null) for sending state change requests (kafka.controller.RequestSendThread)
[2019-07-17 07:31:51,343] DEBUG [Controller id=1] Register BrokerModifications handler for ArrayBuffer(4) (kafka.controller.KafkaController)
[2019-07-17 07:31:51,344] INFO [Controller id=1] Updated broker epochs cache: Map(1 -> 12884901904, 2 -> 12884901922, 3 -> 12884901955, 4 -> 12884901986) (kafka.controller.KafkaController)
[2019-07-17 07:31:58,617] DEBUG [Controller id=1] Sending MetadataRequest to Brokers: ArrayBuffer(1, 2, 3, 4) for TopicPartitions: ArrayBuffer(rtr-sys-channel-0) (kafka.controller.KafkaController)
